<?xml version="1.0" encoding="UTF-8"?>
<testsuite name="TestsPkg" tests="1" skipped="0" failures="0" errors="0" timestamp="2022-02-24T09:59:08" hostname="DESKTOP-S6BPNN8" time="0.098">
  <properties/>
  <testcase name="testConstructors()" classname="TestsPkg" time="0.098"/>
  <system-out><![CDATA[30 2ada2e65ab8eeab09490e3521415f45b6e42df9c760a639bcf53957550b25a16
]]></system-out>
  <system-err><![CDATA[]]></system-err>
</testsuite>
