<?xml version="1.0" encoding="UTF-8"?>
<testsuite name="TestsPkg" tests="1" skipped="0" failures="0" errors="0" timestamp="2022-03-23T16:01:39" hostname="DESKTOP-S6BPNN8" time="0.256">
  <properties/>
  <testcase name="Learning Gson()" classname="TestsPkg" time="0.256"/>
  <system-out><![CDATA[123
0
]]></system-out>
  <system-err><![CDATA[]]></system-err>
</testsuite>
