<?xml version="1.0" encoding="UTF-8"?>
<testsuite name="TestsPkg" tests="1" skipped="0" failures="0" errors="0" timestamp="2022-02-24T11:14:29" hostname="DESKTOP-5M9J2I5" time="0.029">
  <properties/>
  <testcase name="testConstructors()" classname="TestsPkg" time="0.029"/>
  <system-out><![CDATA[30 2ada2e65ab8eeab09490e3521415f45b6e42df9c760a639bcf53957550b25a16
]]></system-out>
  <system-err><![CDATA[]]></system-err>
</testsuite>
